[0m[[0m[0mdebug[0m] [0m[0m> Exec(run, Some(d10cd978-886a-49cb-a11c-1a1b0161d6b4), Some(CommandSource(console0)))[0m
[0m[[0m[0mdebug[0m] [0m[0mEvaluating tasks: Compile / run[0m
[0m[[0m[0mdebug[0m] [0m[0mRunning task... Cancel: Signal, check cycles: false, forcegc: true[0m
[0m[[0m[0mdebug[0m] [0m[0mRunning task... Cancel: Signal, check cycles: false, forcegc: true[0m
[0m[[0m[0minfo[0m] [0m[0mcompiling 16 Scala sources and 1 Java source to /Users/vedant.nemane/Documents/GitHub/play-template/target/scala-2.13/classes ...[0m
[0m[[0m[33mwarn[0m] [0m[0m/Users/vedant.nemane/Documents/GitHub/play-template/app/repositories/DataRepository.scala:81:42: Auto-application to `()` is deprecated. Supply the empty argument list `()` explicitly to invoke method headOption,[0m
[0m[[0m[33mwarn[0m] [0m[0mor remove the empty argument list from its definition (Java-defined methods are exempt).[0m
[0m[[0m[33mwarn[0m] [0m[0mIn Scala 3, an unapplied method like this will be eta-expanded into a function.[0m
[0m[[0m[33mwarn[0m] [0m[0m    collection.find(byAny(field, value)).headOption.flatMap {[0m
[0m[[0m[33mwarn[0m] [0m[0m                                         ^[0m
[0m[[0m[33mwarn[0m] [0m[0m/Users/vedant.nemane/Documents/GitHub/play-template/app/repositories/DataRepository.scala:88:31: Auto-application to `()` is deprecated. Supply the empty argument list `()` explicitly to invoke method headOption,[0m
[0m[[0m[33mwarn[0m] [0m[0mor remove the empty argument list from its definition (Java-defined methods are exempt).[0m
[0m[[0m[33mwarn[0m] [0m[0mIn Scala 3, an unapplied method like this will be eta-expanded into a function.[0m
[0m[[0m[33mwarn[0m] [0m[0m    collection.find(byID(id)).headOption.flatMap {[0m
[0m[[0m[33mwarn[0m] [0m[0m                              ^[0m
[0m[[0m[33mwarn[0m] [0m[0m/Users/vedant.nemane/Documents/GitHub/play-template/app/repositories/DataRepository.scala:105:31: Auto-application to `()` is deprecated. Supply the empty argument list `()` explicitly to invoke method headOption,[0m
[0m[[0m[33mwarn[0m] [0m[0mor remove the empty argument list from its definition (Java-defined methods are exempt).[0m
[0m[[0m[33mwarn[0m] [0m[0mIn Scala 3, an unapplied method like this will be eta-expanded into a function.[0m
[0m[[0m[33mwarn[0m] [0m[0m    collection.find(byID(id)).headOption.flatMap {[0m
[0m[[0m[33mwarn[0m] [0m[0m                              ^[0m
[0m[[0m[31merror[0m] [0m[0m/Users/vedant.nemane/Documents/GitHub/play-template/conf/routes:19:1: not found: type DataModel[0m
[0m[[0m[31merror[0m] [0m[0mGET     /example/:dataModel                           controllers.ApplicationController.example(dataModel: DataModel)[0m
[0m[[0m[31merror[0m] [0m[0m/Users/vedant.nemane/Documents/GitHub/play-template/conf/routes:19:1: not found: type DataModel[0m
[0m[[0m[31merror[0m] [0m[0mGET     /example/:dataModel                           controllers.ApplicationController.example(dataModel: DataModel)[0m
[0m[[0m[31merror[0m] [0m[0m/Users/vedant.nemane/Documents/GitHub/play-template/conf/routes:19:1: not found: type DataModel[0m
[0m[[0m[31merror[0m] [0m[0mGET     /example/:dataModel                           controllers.ApplicationController.example(dataModel: DataModel)[0m
[0m[[0m[31merror[0m] [0m[0m/Users/vedant.nemane/Documents/GitHub/play-template/conf/routes:19:1: not found: type DataModel[0m
[0m[[0m[31merror[0m] [0m[0mGET     /example/:dataModel                           controllers.ApplicationController.example(dataModel: DataModel)[0m
[0m[[0m[31merror[0m] [0m[0m/Users/vedant.nemane/Documents/GitHub/play-template/conf/routes:19:1: not found: type DataModel[0m
[0m[[0m[31merror[0m] [0m[0mGET     /example/:dataModel                           controllers.ApplicationController.example(dataModel: DataModel)[0m
[0m[[0m[31merror[0m] [0m[0m/Users/vedant.nemane/Documents/GitHub/play-template/conf/routes:19:1: not found: type DataModel[0m
[0m[[0m[31merror[0m] [0m[0mGET     /example/:dataModel                           controllers.ApplicationController.example(dataModel: DataModel)[0m
[0m[[0m[33mwarn[0m] [0m[0m/Users/vedant.nemane/Documents/GitHub/play-template/conf/routes:10:1: Auto-application to `()` is deprecated. Supply the empty argument list `()` explicitly to invoke method index,[0m
[0m[[0m[33mwarn[0m] [0m[0mor remove the empty argument list from its definition (Java-defined methods are exempt).[0m
[0m[[0m[33mwarn[0m] [0m[0mIn Scala 3, an unapplied method like this will be eta-expanded into a function.[0m
[0m[[0m[33mwarn[0m] [0m[0mGET     /api     controllers.ApplicationController.index[0m
[0m[[0m[33mwarn[0m] [0m[0m/Users/vedant.nemane/Documents/GitHub/play-template/conf/routes:10:1: Auto-application to `()` is deprecated. Supply the empty argument list `()` explicitly to invoke method index,[0m
[0m[[0m[33mwarn[0m] [0m[0mor remove the empty argument list from its definition (Java-defined methods are exempt).[0m
[0m[[0m[33mwarn[0m] [0m[0mIn Scala 3, an unapplied method like this will be eta-expanded into a function.[0m
[0m[[0m[33mwarn[0m] [0m[0mGET     /api     controllers.ApplicationController.index[0m
[0m[[0m[33mwarn[0m] [0m[0m5 warnings found[0m
[0m[[0m[31merror[0m] [0m[0m6 errors found[0m
[0m[[0m[31merror[0m] [0m[0m(Compile / [31mcompileIncremental[0m) Compilation failed[0m
[0m[[0m[0mdebug[0m] [0m[0mRunning task... Cancel: Signal, check cycles: false, forcegc: true[0m
[0m[[0m[0mdebug[0m] [0m[0mRunning task... Cancel: Signal, check cycles: false, forcegc: true[0m
[0m[[0m[0mdebug[0m] [0m[0mRunning task... Cancel: Signal, check cycles: false, forcegc: true[0m
[0m[[0m[0minfo[0m] [0m[0mcompiling 16 Scala sources and 1 Java source to /Users/vedant.nemane/Documents/GitHub/play-template/target/scala-2.13/classes ...[0m
[0m[[0m[33mwarn[0m] [0m[0m/Users/vedant.nemane/Documents/GitHub/play-template/app/repositories/DataRepository.scala:81:42: Auto-application to `()` is deprecated. Supply the empty argument list `()` explicitly to invoke method headOption,[0m
[0m[[0m[33mwarn[0m] [0m[0mor remove the empty argument list from its definition (Java-defined methods are exempt).[0m
[0m[[0m[33mwarn[0m] [0m[0mIn Scala 3, an unapplied method like this will be eta-expanded into a function.[0m
[0m[[0m[33mwarn[0m] [0m[0m    collection.find(byAny(field, value)).headOption.flatMap {[0m
[0m[[0m[33mwarn[0m] [0m[0m                                         ^[0m
[0m[[0m[33mwarn[0m] [0m[0m/Users/vedant.nemane/Documents/GitHub/play-template/app/repositories/DataRepository.scala:88:31: Auto-application to `()` is deprecated. Supply the empty argument list `()` explicitly to invoke method headOption,[0m
[0m[[0m[33mwarn[0m] [0m[0mor remove the empty argument list from its definition (Java-defined methods are exempt).[0m
[0m[[0m[33mwarn[0m] [0m[0mIn Scala 3, an unapplied method like this will be eta-expanded into a function.[0m
[0m[[0m[33mwarn[0m] [0m[0m    collection.find(byID(id)).headOption.flatMap {[0m
[0m[[0m[33mwarn[0m] [0m[0m                              ^[0m
[0m[[0m[33mwarn[0m] [0m[0m/Users/vedant.nemane/Documents/GitHub/play-template/app/repositories/DataRepository.scala:105:31: Auto-application to `()` is deprecated. Supply the empty argument list `()` explicitly to invoke method headOption,[0m
[0m[[0m[33mwarn[0m] [0m[0mor remove the empty argument list from its definition (Java-defined methods are exempt).[0m
[0m[[0m[33mwarn[0m] [0m[0mIn Scala 3, an unapplied method like this will be eta-expanded into a function.[0m
[0m[[0m[33mwarn[0m] [0m[0m    collection.find(byID(id)).headOption.flatMap {[0m
[0m[[0m[33mwarn[0m] [0m[0m                              ^[0m
[0m[[0m[33mwarn[0m] [0m[0m/Users/vedant.nemane/Documents/GitHub/play-template/conf/routes:10:1: Auto-application to `()` is deprecated. Supply the empty argument list `()` explicitly to invoke method index,[0m
[0m[[0m[33mwarn[0m] [0m[0mor remove the empty argument list from its definition (Java-defined methods are exempt).[0m
[0m[[0m[33mwarn[0m] [0m[0mIn Scala 3, an unapplied method like this will be eta-expanded into a function.[0m
[0m[[0m[33mwarn[0m] [0m[0mGET     /api     controllers.ApplicationController.index[0m
[0m[[0m[33mwarn[0m] [0m[0m/Users/vedant.nemane/Documents/GitHub/play-template/conf/routes:10:1: Auto-application to `()` is deprecated. Supply the empty argument list `()` explicitly to invoke method index,[0m
[0m[[0m[33mwarn[0m] [0m[0mor remove the empty argument list from its definition (Java-defined methods are exempt).[0m
[0m[[0m[33mwarn[0m] [0m[0mIn Scala 3, an unapplied method like this will be eta-expanded into a function.[0m
[0m[[0m[33mwarn[0m] [0m[0mGET     /api     controllers.ApplicationController.index[0m
[0m[[0m[33mwarn[0m] [0m[0m5 warnings found[0m
[0m[[0m[0mdebug[0m] [0m[0mRunning task... Cancel: Signal, check cycles: false, forcegc: true[0m
[0m[[0m[0mdebug[0m] [0m[0mExporting web-assets:play-template[0m
[0m[[0m[0mdebug[0m] [0m[0mRunning task... Cancel: Signal, check cycles: false, forcegc: true[0m
[0m[[0m[0mdebug[0m] [0m[0mRunning task... Cancel: Signal, check cycles: false, forcegc: true[0m
[0m[[0m[0minfo[0m] [0m[0mcompiling 1 Scala source to /Users/vedant.nemane/Documents/GitHub/play-template/target/scala-2.13/classes ...[0m
[0m[[0m[0mdebug[0m] [0m[0mForcing garbage collection...[0m
[0m[[0m[0mdebug[0m] [0m[0mRunning task... Cancel: Signal, check cycles: false, forcegc: true[0m
[0m[[0m[0mdebug[0m] [0m[0mExporting web-assets:play-template[0m
[0m[[0m[0mdebug[0m] [0m[0mRunning task... Cancel: Signal, check cycles: false, forcegc: true[0m
[0m[[0m[0mdebug[0m] [0m[0mRunning task... Cancel: Signal, check cycles: false, forcegc: true[0m
[0m[[0m[0minfo[0m] [0m[0mcompiling 1 Scala source to /Users/vedant.nemane/Documents/GitHub/play-template/target/scala-2.13/classes ...[0m
[0m[[0m[0mdebug[0m] [0m[0mRunning task... Cancel: Signal, check cycles: false, forcegc: true[0m
[0m[[0m[0mdebug[0m] [0m[0mExporting web-assets:play-template[0m
[0m[[0m[0mdebug[0m] [0m[0mRunning task... Cancel: Signal, check cycles: false, forcegc: true[0m
[0m[[0m[0mdebug[0m] [0m[0mRunning task... Cancel: Signal, check cycles: false, forcegc: true[0m
[0m[[0m[0minfo[0m] [0m[0mcompiling 4 Scala sources to /Users/vedant.nemane/Documents/GitHub/play-template/target/scala-2.13/classes ...[0m
[0m[[0m[33mwarn[0m] [0m[0m/Users/vedant.nemane/Documents/GitHub/play-template/conf/routes:10:1: Auto-application to `()` is deprecated. Supply the empty argument list `()` explicitly to invoke method index,[0m
[0m[[0m[33mwarn[0m] [0m[0mor remove the empty argument list from its definition (Java-defined methods are exempt).[0m
[0m[[0m[33mwarn[0m] [0m[0mIn Scala 3, an unapplied method like this will be eta-expanded into a function.[0m
[0m[[0m[33mwarn[0m] [0m[0mGET     /api     controllers.ApplicationController.index[0m
[0m[[0m[33mwarn[0m] [0m[0m/Users/vedant.nemane/Documents/GitHub/play-template/conf/routes:10:1: Auto-application to `()` is deprecated. Supply the empty argument list `()` explicitly to invoke method index,[0m
[0m[[0m[33mwarn[0m] [0m[0mor remove the empty argument list from its definition (Java-defined methods are exempt).[0m
[0m[[0m[33mwarn[0m] [0m[0mIn Scala 3, an unapplied method like this will be eta-expanded into a function.[0m
[0m[[0m[33mwarn[0m] [0m[0mGET     /api     controllers.ApplicationController.index[0m
[0m[[0m[33mwarn[0m] [0m[0mtwo warnings found[0m
[0m[[0m[0minfo[0m] [0m[0mcompiling 2 Scala sources and 1 Java source to /Users/vedant.nemane/Documents/GitHub/play-template/target/scala-2.13/classes ...[0m
[0m[[0m[33mwarn[0m] [0m[0m/Users/vedant.nemane/Documents/GitHub/play-template/conf/routes:10:1: Auto-application to `()` is deprecated. Supply the empty argument list `()` explicitly to invoke method index,[0m
[0m[[0m[33mwarn[0m] [0m[0mor remove the empty argument list from its definition (Java-defined methods are exempt).[0m
[0m[[0m[33mwarn[0m] [0m[0mIn Scala 3, an unapplied method like this will be eta-expanded into a function.[0m
[0m[[0m[33mwarn[0m] [0m[0mGET     /api     controllers.ApplicationController.index[0m
[0m[[0m[33mwarn[0m] [0m[0m/Users/vedant.nemane/Documents/GitHub/play-template/conf/routes:10:1: Auto-application to `()` is deprecated. Supply the empty argument list `()` explicitly to invoke method index,[0m
[0m[[0m[33mwarn[0m] [0m[0mor remove the empty argument list from its definition (Java-defined methods are exempt).[0m
[0m[[0m[33mwarn[0m] [0m[0mIn Scala 3, an unapplied method like this will be eta-expanded into a function.[0m
[0m[[0m[33mwarn[0m] [0m[0mGET     /api     controllers.ApplicationController.index[0m
[0m[[0m[33mwarn[0m] [0m[0mtwo warnings found[0m
[0m[[0m[0minfo[0m] [0m[0mcompiling 1 Scala source to /Users/vedant.nemane/Documents/GitHub/play-template/target/scala-2.13/classes ...[0m
[0m[[0m[0mdebug[0m] [0m[0mForcing garbage collection...[0m
[0m[[0m[0mdebug[0m] [0m[0mRunning task... Cancel: Signal, check cycles: false, forcegc: true[0m
[0m[[0m[0mdebug[0m] [0m[0mExporting web-assets:play-template[0m
[0m[[0m[0mdebug[0m] [0m[0mRunning task... Cancel: Signal, check cycles: false, forcegc: true[0m
[0m[[0m[0mdebug[0m] [0m[0mRunning task... Cancel: Signal, check cycles: false, forcegc: true[0m
[0m[[0m[0minfo[0m] [0m[0mcompiling 1 Scala source to /Users/vedant.nemane/Documents/GitHub/play-template/target/scala-2.13/classes ...[0m
[0m[[0m[0mdebug[0m] [0m[0mRunning task... Cancel: Signal, check cycles: false, forcegc: true[0m
[0m[[0m[0mdebug[0m] [0m[0mExporting web-assets:play-template[0m
[0m[[0m[0mdebug[0m] [0m[0mRunning task... Cancel: Signal, check cycles: false, forcegc: true[0m
