[0m[[0m[0mdebug[0m] [0m[0m> Exec(testOnly *ApplicationControllerSpec, Some(424d211c-1691-4816-abc2-d789730c01e1), Some(CommandSource(console0)))[0m
[0m[[0m[0mdebug[0m] [0m[0mEvaluating tasks: Test / testOnly[0m
[0m[[0m[0mdebug[0m] [0m[0mRunning task... Cancel: Signal, check cycles: false, forcegc: true[0m
[0m[[0m[0minfo[0m] [0m[0mcompiling 1 Scala source to /Users/vedant.nemane/Documents/GitHub/play-template/target/scala-2.13/classes ...[0m
[0m[[0m[0mdebug[0m] [0m[0mExporting web-assets:play-template[0m
[0m[[0m[31merror[0m] [0m[0m/Users/vedant.nemane/Documents/GitHub/play-template/app/repositories/DataRepository.scala:123:28: type mismatch;[0m
[0m[[0m[31merror[0m] [0m[0m found   : scala.concurrent.Future[org.mongodb.scala.result.UpdateResult][0m
[0m[[0m[31merror[0m] [0m[0m    (which expands to)  scala.concurrent.Future[com.mongodb.client.result.UpdateResult][0m
[0m[[0m[31merror[0m] [0m[0m required: org.mongodb.scala.result.UpdateResult[0m
[0m[[0m[31merror[0m] [0m[0m    (which expands to)  com.mongodb.client.result.UpdateResult[0m
[0m[[0m[31merror[0m] [0m[0m        case None => update(id, DataModel("br", "br", "br", 1))[0m
[0m[[0m[31merror[0m] [0m[0m                           ^[0m
[0m[[0m[33mwarn[0m] [0m[0m/Users/vedant.nemane/Documents/GitHub/play-template/app/repositories/DataRepository.scala:64:42: Auto-application to `()` is deprecated. Supply the empty argument list `()` explicitly to invoke method headOption,[0m
[0m[[0m[33mwarn[0m] [0m[0mor remove the empty argument list from its definition (Java-defined methods are exempt).[0m
[0m[[0m[33mwarn[0m] [0m[0mIn Scala 3, an unapplied method like this will be eta-expanded into a function.[0m
[0m[[0m[33mwarn[0m] [0m[0m    collection.find(byAny(field, value)).headOption.flatMap {[0m
[0m[[0m[33mwarn[0m] [0m[0m                                         ^[0m
[0m[[0m[33mwarn[0m] [0m[0m/Users/vedant.nemane/Documents/GitHub/play-template/app/repositories/DataRepository.scala:71:31: Auto-application to `()` is deprecated. Supply the empty argument list `()` explicitly to invoke method headOption,[0m
[0m[[0m[33mwarn[0m] [0m[0mor remove the empty argument list from its definition (Java-defined methods are exempt).[0m
[0m[[0m[33mwarn[0m] [0m[0mIn Scala 3, an unapplied method like this will be eta-expanded into a function.[0m
[0m[[0m[33mwarn[0m] [0m[0m    collection.find(byID(id)).headOption.flatMap {[0m
[0m[[0m[33mwarn[0m] [0m[0m                              ^[0m
[0m[[0m[33mwarn[0m] [0m[0mtwo warnings found[0m
[0m[[0m[31merror[0m] [0m[0mone error found[0m
[0m[[0m[31merror[0m] [0m[0m(Compile / [31mcompileIncremental[0m) Compilation failed[0m
[0m[[0m[31merror[0m] [0m[0mTotal time: 0 s, completed 24 Nov 2023, 16:19:28[0m
[0m[[0m[0mdebug[0m] [0m[0m> Exec(shell, None, None)[0m
