[0m[[0m[0mdebug[0m] [0m[0m> Exec(testOnly *ApplicationControllerSpec, Some(dda40d1e-f244-4dce-b52c-cc42c06d6d33), Some(CommandSource(console0)))[0m
[0m[[0m[0mdebug[0m] [0m[0mEvaluating tasks: Test / testOnly[0m
[0m[[0m[0mdebug[0m] [0m[0mRunning task... Cancel: Signal, check cycles: false, forcegc: true[0m
[0m[[0m[0mdebug[0m] [0m[0mExporting web-assets:play-template[0m
[0m[[0m[0minfo[0m] [0m[0mcompiling 1 Scala source to /Users/vedant.nemane/Documents/GitHub/play-template/target/scala-2.13/classes ...[0m
[0m[[0m[33mwarn[0m] [0m[0m/Users/vedant.nemane/Documents/GitHub/play-template/app/repositories/DataRepository.scala:64:42: Auto-application to `()` is deprecated. Supply the empty argument list `()` explicitly to invoke method headOption,[0m
[0m[[0m[33mwarn[0m] [0m[0mor remove the empty argument list from its definition (Java-defined methods are exempt).[0m
[0m[[0m[33mwarn[0m] [0m[0mIn Scala 3, an unapplied method like this will be eta-expanded into a function.[0m
[0m[[0m[33mwarn[0m] [0m[0m    collection.find(byAny(field, value)).headOption.flatMap {[0m
[0m[[0m[33mwarn[0m] [0m[0m                                         ^[0m
[0m[[0m[33mwarn[0m] [0m[0m/Users/vedant.nemane/Documents/GitHub/play-template/app/repositories/DataRepository.scala:71:31: Auto-application to `()` is deprecated. Supply the empty argument list `()` explicitly to invoke method headOption,[0m
[0m[[0m[33mwarn[0m] [0m[0mor remove the empty argument list from its definition (Java-defined methods are exempt).[0m
[0m[[0m[33mwarn[0m] [0m[0mIn Scala 3, an unapplied method like this will be eta-expanded into a function.[0m
[0m[[0m[33mwarn[0m] [0m[0m    collection.find(byID(id)).headOption.flatMap {[0m
[0m[[0m[33mwarn[0m] [0m[0m                              ^[0m
[0m[[0m[33mwarn[0m] [0m[0mtwo warnings found[0m
[0m[[0m[0minfo[0m] [0m[0mcompiling 1 Scala source to /Users/vedant.nemane/Documents/GitHub/play-template/target/scala-2.13/test-classes ...[0m
[0m[[0m[0mdebug[0m] [0m[0mExporting web-assets-test:play-template[0m
[0m[[0m[0minfo[0m] [0m[0m[32mApplicationControllerSpec:[0m[0m
[0m[[0m[0minfo[0m] [0m[0m[32mApplicationController .index[0m[0m
[0m[[0m[0minfo[0m] [0m[0m[32m- should return 200 OK[0m[0m
[0m[[0m[0minfo[0m] [0m[0m[32mApplicationController .create[0m[0m
[0m[[0m[0minfo[0m] [0m[0m[32m- should create a book in the database[0m[0m
[0m[[0m[0minfo[0m] [0m[0m[32mApplicationController .create with a bad request[0m[0m
[0m[[0m[0minfo[0m] [0m[0m[32m- should return an error[0m[0m
[0m[[0m[0minfo[0m] [0m[0m[32mApplicationController .create duplicate request[0m[0m
[0m[[0m[0minfo[0m] [0m[0m[32m- should create a book in the database and catch the duplicate request[0m[0m
[0m[[0m[0minfo[0m] [0m[0m[32mApplicationController .read[0m[0m
[0m[[0m[0minfo[0m] [0m[0m[32m- should find a book in the database by id[0m[0m
[0m[[0m[0minfo[0m] [0m[0m[32mApplicationController .read with a bad request[0m[0m
[0m[[0m[0minfo[0m] [0m[0m[32m- should return an error[0m[0m
[0m[[0m[0minfo[0m] [0m[0m[32mApplicationController .readAny[0m[0m
[0m[[0m[0minfo[0m] [0m[0m[32m- should find a book in the database by name[0m[0m
[0m[[0m[0minfo[0m] [0m[0m[32mApplicationController .readAny[0m[0m
[0m[[0m[0minfo[0m] [0m[0m[32m- should find a book in the database by numSales[0m[0m
[0m[[0m[0minfo[0m] [0m[0m[32mApplicationController .readAny with a bad request[0m[0m
[0m[[0m[0minfo[0m] [0m[0m[32m- should return an error[0m[0m
[0m[[0m[0minfo[0m] [0m[0m[32mApplicationController .readAny with a bad field request[0m[0m
[0m[[0m[0minfo[0m] [0m[0m[32m- should return an error[0m[0m
[0m[[0m[0minfo[0m] [0m[0m[32mApplicationController .update()[0m[0m
[0m[[0m[0minfo[0m] [0m[0m[32m- should update a book in the database by id[0m[0m
[0m[[0m[0minfo[0m] [0m[0m[32mApplicationController .partialUpdate()[0m[0m
[0m[[0m[0minfo[0m] [0m[0m[32m- should partially updates a field of a book in the database by id[0m[0m
[0m[[0m[0minfo[0m] [0m[0m[32mApplicationController .partialUpdate() with a request that does not find a book[0m[0m
[0m[[0m[0minfo[0m] [0m[0m[31m- should should return a bad request and not change any books in the database *** FAILED ***[0m[0m
[0m[[0m[0minfo[0m] [0m[0m[31m  202 did not equal 400 (ApplicationControllerSpec.scala:226)[0m[0m
[0m[[0m[0minfo[0m] [0m[0m[32mApplicationController .partialUpdate() with a good request but bad field change[0m[0m
[0m[[0m[0minfo[0m] [0m[0m[32m- should not make any changes to the book in the database[0m[0m
[0m[[0m[0minfo[0m] [0m[0m[32mApplicationController .update() with a bad request[0m[0m
[0m[[0m[0minfo[0m] [0m[0m[32m- should return an error[0m[0m
[0m[[0m[0minfo[0m] [0m[0m[32mApplicationController .delete()[0m[0m
[0m[[0m[0minfo[0m] [0m[0m[32m- should delete a book in the database by id[0m[0m
[0m[[0m[0minfo[0m] [0m[0m[32mApplicationController .delete() with a bad request[0m[0m
[0m[[0m[0minfo[0m] [0m[0m[32m- should return an error[0m[0m
[0m[[0m[0minfo[0m] [0m[0m[36mRun completed in 2 seconds, 582 milliseconds.[0m[0m
[0m[[0m[0minfo[0m] [0m[0m[36mTotal number of tests run: 17[0m[0m
[0m[[0m[0minfo[0m] [0m[0m[36mSuites: completed 1, aborted 0[0m[0m
[0m[[0m[0minfo[0m] [0m[0m[36mTests: succeeded 16, failed 1, canceled 0, ignored 0, pending 0[0m[0m
[0m[[0m[0minfo[0m] [0m[0m[31m*** 1 TEST FAILED ***[0m[0m
[0m[[0m[31merror[0m] [0m[0mFailed tests:[0m
[0m[[0m[31merror[0m] [0m[0m	controllers.ApplicationControllerSpec[0m
[0m[[0m[31merror[0m] [0m[0m(Test / [31mtestOnly[0m) sbt.TestsFailedException: Tests unsuccessful[0m
[0m[[0m[31merror[0m] [0m[0mTotal time: 3 s, completed 24 Nov 2023, 16:20:11[0m
[0m[[0m[0mdebug[0m] [0m[0m> Exec(shell, None, None)[0m
