[0m[[0m[0mdebug[0m] [0m[0m> Exec(testOnly *LibraryServiceSpec, Some(62dbee5b-6231-478a-aebb-3f4177ebd361), Some(CommandSource(console0)))[0m
[0m[[0m[0mdebug[0m] [0m[0mEvaluating tasks: Test / testOnly[0m
[0m[[0m[0mdebug[0m] [0m[0mRunning task... Cancel: Signal, check cycles: false, forcegc: true[0m
[0m[[0m[0minfo[0m] [0m[0mcompiling 2 Scala sources to /Users/vedant.nemane/Documents/GitHub/play-template/target/scala-2.13/classes ...[0m
[0m[[0m[0mdebug[0m] [0m[0mExporting web-assets:play-template[0m
[0m[[0m[0minfo[0m] [0m[0mcompiling 2 Scala sources to /Users/vedant.nemane/Documents/GitHub/play-template/target/scala-2.13/classes ...[0m
[0m[[0m[0minfo[0m] [0m[0mcompiling 1 Scala source to /Users/vedant.nemane/Documents/GitHub/play-template/target/scala-2.13/test-classes ...[0m
[0m[[0m[0mdebug[0m] [0m[0mExporting web-assets-test:play-template[0m
[0m[[0m[0minfo[0m] [0m[0m[32mLibraryServiceSpec:[0m[0m
[0m[[0m[0minfo[0m] [0m[0m[32mgetGoogleBook[0m[0m
[0m[[0m[0minfo[0m] [0m[0m[32m- should return a book[0m[0m
[0m[[0m[0minfo[0m] [0m[0m[32man error case[0m[0m
[0m[[0m[0minfo[0m] [0m[0m[32m- should return an error[0m[0m
[0m[[0m[0minfo[0m] [0m[0m[36mRun completed in 1 second, 906 milliseconds.[0m[0m
[0m[[0m[0minfo[0m] [0m[0m[36mTotal number of tests run: 2[0m[0m
[0m[[0m[0minfo[0m] [0m[0m[36mSuites: completed 1, aborted 0[0m[0m
[0m[[0m[0minfo[0m] [0m[0m[36mTests: succeeded 2, failed 0, canceled 0, ignored 0, pending 0[0m[0m
[0m[[0m[0minfo[0m] [0m[0m[32mAll tests passed.[0m[0m
[0m[[0m[32msuccess[0m] [0m[0mTotal time: 3 s, completed 15 Nov 2023, 12:19:41[0m
[0m[[0m[0mdebug[0m] [0m[0m> Exec(shell, None, None)[0m
