[0m[[0m[0mdebug[0m] [0m[0m> Exec(testOnly *LibraryServiceSpec, Some(904ad615-1b27-4bb1-ba0b-24114c371d6e), Some(CommandSource(console0)))[0m
[0m[[0m[0mdebug[0m] [0m[0mEvaluating tasks: Test / testOnly[0m
[0m[[0m[0mdebug[0m] [0m[0mRunning task... Cancel: Signal, check cycles: false, forcegc: true[0m
[0m[[0m[0mdebug[0m] [0m[0mExporting web-assets:play-template[0m
[0m[[0m[0minfo[0m] [0m[0mcompiling 1 Scala source to /Users/vedant.nemane/Documents/GitHub/play-template/target/scala-2.13/test-classes ...[0m
[0m[[0m[0mdebug[0m] [0m[0mExporting web-assets-test:play-template[0m
[0m[[0m[0minfo[0m] [0m[0m[32mLibraryServiceSpec:[0m[0m
[0m[[0m[0minfo[0m] [0m[0m[32mgetGoogleBook[0m[0m
[0m[[0m[0minfo[0m] [0m[0m[32m- should return a book[0m[0m
[0m[[0m[0minfo[0m] [0m[0m[32man error case[0m[0m
[0m[[0m[0minfo[0m] [0m[0m[31m- should return an error *** FAILED ***[0m[0m
[0m[[0m[0minfo[0m] [0m[0m[31m  Left(BadAPIResponse(500,Could not connect)) did not equal Left(BadAPIResponse) (LibraryServiceSpec.scala:58)[0m[0m
[0m[[0m[0minfo[0m] [0m[0m[31m  Analysis:[0m[0m
[0m[[0m[0minfo[0m] [0m[0m[31m  Left(value: BadAPIResponse(500,Could not connect) -> BadAPIResponse)[0m[0m
[0m[[0m[0minfo[0m] [0m[0m[36mRun completed in 1 second, 807 milliseconds.[0m[0m
[0m[[0m[0minfo[0m] [0m[0m[36mTotal number of tests run: 2[0m[0m
[0m[[0m[0minfo[0m] [0m[0m[36mSuites: completed 1, aborted 0[0m[0m
[0m[[0m[0minfo[0m] [0m[0m[36mTests: succeeded 1, failed 1, canceled 0, ignored 0, pending 0[0m[0m
[0m[[0m[0minfo[0m] [0m[0m[31m*** 1 TEST FAILED ***[0m[0m
[0m[[0m[31merror[0m] [0m[0mFailed tests:[0m
[0m[[0m[31merror[0m] [0m[0m	controllers.LibraryServiceSpec[0m
[0m[[0m[31merror[0m] [0m[0m(Test / [31mtestOnly[0m) sbt.TestsFailedException: Tests unsuccessful[0m
[0m[[0m[31merror[0m] [0m[0mTotal time: 2 s, completed 16 Nov 2023, 10:29:12[0m
[0m[[0m[0mdebug[0m] [0m[0m> Exec(shell, None, None)[0m
