[0m[[0m[0mdebug[0m] [0m[0m> Exec(testOnly *ApplicationControllerSpec, Some(a6db126b-ddc3-4cbb-99b0-d104a9803582), Some(CommandSource(console0)))[0m
[0m[[0m[0mdebug[0m] [0m[0mEvaluating tasks: Test / testOnly[0m
[0m[[0m[0mdebug[0m] [0m[0mRunning task... Cancel: Signal, check cycles: false, forcegc: true[0m
[0m[[0m[0mdebug[0m] [0m[0mExporting web-assets:play-template[0m
[0m[[0m[0mdebug[0m] [0m[0mExporting web-assets-test:play-template[0m
[0m[[0m[0minfo[0m] [0m[0mcompiling 1 Scala source to /Users/vedant.nemane/Documents/GitHub/play-template/target/scala-2.13/test-classes ...[0m
[0m[[0m[0minfo[0m] [0m[0m[32mApplicationControllerSpec:[0m[0m
[0m[[0m[0minfo[0m] [0m[0m[32mApplicationController .index[0m[0m
[0m[[0m[0minfo[0m] [0m[0m[32m- should return 200 OK[0m[0m
[0m[[0m[0minfo[0m] [0m[0m[32mApplicationController .create[0m[0m
[0m[[0m[0minfo[0m] [0m[0m[32m- should create a book in the database[0m[0m
[0m[[0m[0minfo[0m] [0m[0m[32mApplicationController .create with a bad request[0m[0m
[0m[[0m[0minfo[0m] [0m[0m[32m- should return an error[0m[0m
[0m[[0m[0minfo[0m] [0m[0m[32mApplicationController .create duplicate request[0m[0m
[0m[[0m[0minfo[0m] [0m[0m[32m- should create a book in the database and catch the duplicate request[0m[0m
[0m[[0m[0minfo[0m] [0m[0m[32mApplicationController .read[0m[0m
[0m[[0m[0minfo[0m] [0m[0m[32m- should find a book in the database by id[0m[0m
[0m[[0m[0minfo[0m] [0m[0m[32mApplicationController .read with a bad request[0m[0m
[0m[[0m[0minfo[0m] [0m[0m[32m- should return an error[0m[0m
[0m[[0m[0minfo[0m] [0m[0m[32mApplicationController .readAny[0m[0m
[0m[[0m[0minfo[0m] [0m[0m[32m- should find a book in the database by name[0m[0m
[0m[[0m[0minfo[0m] [0m[0m[32mApplicationController .readAny[0m[0m
[0m[[0m[0minfo[0m] [0m[0m[32m- should find a book in the database by numSales[0m[0m
[0m[[0m[0minfo[0m] [0m[0m[32mApplicationController .readAny with a bad request[0m[0m
[0m[[0m[0minfo[0m] [0m[0m[32m- should return an error[0m[0m
[0m[[0m[0minfo[0m] [0m[0m[32mApplicationController .readAny with a bad field request[0m[0m
[0m[[0m[0minfo[0m] [0m[0m[32m- should return an error[0m[0m
[0m[[0m[0minfo[0m] [0m[0m[32mApplicationController .update()[0m[0m
[0m[[0m[0minfo[0m] [0m[0m[32m- should update a book in the database by id[0m[0m
[0m[[0m[0minfo[0m] [0m[0m[32mApplicationController .partialUpdate()[0m[0m
[0m[[0m[0minfo[0m] [0m[0m[32m- should partially update a field of a book in the database by id[0m[0m
[0m[[0m[0minfo[0m] [0m[0m[32mApplicationController .partialUpdate() with a request that does not find a book[0m[0m
[0m[[0m[0minfo[0m] [0m[0m[32m- should return a bad request and not change any books in the database[0m[0m
[0m[[0m[0minfo[0m] [0m[0m[32mApplicationController .partialUpdate() with a good request but bad field change[0m[0m
[0m[[0m[0minfo[0m] [0m[0m[32m- should not make any changes to the book in the database[0m[0m
[0m[[0m[0minfo[0m] [0m[0m[32mApplicationController .update() with a bad request[0m[0m
[0m[[0m[0minfo[0m] [0m[0m[32m- should return an error[0m[0m
[0m[[0m[0minfo[0m] [0m[0m[32mApplicationController .delete()[0m[0m
[0m[[0m[0minfo[0m] [0m[0m[32m- should delete a book in the database by id[0m[0m
[0m[[0m[0minfo[0m] [0m[0m[32mApplicationController .delete() with a bad request[0m[0m
[0m[[0m[0minfo[0m] [0m[0m[32m- should return an error[0m[0m
[0m[[0m[0minfo[0m] [0m[0m[32mApplicationController .getGoogleBook[0m[0m
[0m[[0m[0minfo[0m] [0m[0m[32m- should find a book, store it in Mongo and produce the book data in a browser window[0m[0m
[0m[[0m[0minfo[0m] [0m[0m[32mAdding new book via browser form[0m[0m
[0m[[0m[0minfo[0m] [0m[0m[32m- should create a new book and add it to MongoDB[0m[0m
[0m[[0m[0minfo[0m] [0m[0m[32mAdding new book via browser form[0m[0m
[0m[[0m[0minfo[0m] [0m[0m[31m- should create a bad book and try to add it to MongoDB *** FAILED ***[0m[0m
[0m[[0m[0minfo[0m] [0m[0m[31m  com.fasterxml.jackson.core.JsonParseException: Unrecognized token 'ERROR': was expecting (JSON String, Number, Array, Object or token 'null', 'true' or 'false')[0m[0m
[0m[[0m[0minfo[0m] [0m[0m[31m at [Source: (String)"ERROR: Data entered did not match requirements!"; line: 1, column: 6][0m[0m
[0m[[0m[0minfo[0m] [0m[0m[31m  at com.fasterxml.jackson.core.JsonParser._constructError(JsonParser.java:2391)[0m[0m
[0m[[0m[0minfo[0m] [0m[0m[31m  at com.fasterxml.jackson.core.base.ParserMinimalBase._reportError(ParserMinimalBase.java:745)[0m[0m
[0m[[0m[0minfo[0m] [0m[0m[31m  at com.fasterxml.jackson.core.json.ReaderBasedJsonParser._reportInvalidToken(ReaderBasedJsonParser.java:2961)[0m[0m
[0m[[0m[0minfo[0m] [0m[0m[31m  at com.fasterxml.jackson.core.json.ReaderBasedJsonParser._handleOddValue(ReaderBasedJsonParser.java:2002)[0m[0m
[0m[[0m[0minfo[0m] [0m[0m[31m  at com.fasterxml.jackson.core.json.ReaderBasedJsonParser.nextToken(ReaderBasedJsonParser.java:802)[0m[0m
[0m[[0m[0minfo[0m] [0m[0m[31m  at com.fasterxml.jackson.databind.ObjectMapper._initForReading(ObjectMapper.java:4620)[0m[0m
[0m[[0m[0minfo[0m] [0m[0m[31m  at com.fasterxml.jackson.databind.ObjectMapper._readValue(ObjectMapper.java:4440)[0m[0m
[0m[[0m[0minfo[0m] [0m[0m[31m  at com.fasterxml.jackson.databind.ObjectMapper.readValue(ObjectMapper.java:2696)[0m[0m
[0m[[0m[0minfo[0m] [0m[0m[31m  at play.api.libs.json.jackson.JacksonJson$.parseJsValue(JacksonJson.scala:285)[0m[0m
[0m[[0m[0minfo[0m] [0m[0m[31m  at play.api.libs.json.StaticBinding$.parseJsValue(StaticBinding.scala:17)[0m[0m
[0m[[0m[0minfo[0m] [0m[0m[31m  ...[0m[0m
[0m[[0m[0minfo[0m] [0m[0m[36mRun completed in 3 seconds, 664 milliseconds.[0m[0m
[0m[[0m[0minfo[0m] [0m[0m[36mTotal number of tests run: 20[0m[0m
[0m[[0m[0minfo[0m] [0m[0m[36mSuites: completed 1, aborted 0[0m[0m
[0m[[0m[0minfo[0m] [0m[0m[36mTests: succeeded 19, failed 1, canceled 0, ignored 0, pending 0[0m[0m
[0m[[0m[0minfo[0m] [0m[0m[31m*** 1 TEST FAILED ***[0m[0m
[0m[[0m[31merror[0m] [0m[0mFailed tests:[0m
[0m[[0m[31merror[0m] [0m[0m	controllers.ApplicationControllerSpec[0m
[0m[[0m[31merror[0m] [0m[0m(Test / [31mtestOnly[0m) sbt.TestsFailedException: Tests unsuccessful[0m
[0m[[0m[31merror[0m] [0m[0mTotal time: 4 s, completed 8 Dec 2023, 11:08:28[0m
[0m[[0m[0mdebug[0m] [0m[0m> Exec(shell, None, None)[0m
